================================================================================
HPLinpack 2.2  --  High-Performance Linpack benchmark  --   February 24, 2016
Written by A. Petitet and R. Clint Whaley,  Innovative Computing Laboratory, UTK
Modified by Piotr Luszczek, Innovative Computing Laboratory, UTK
Modified by Julien Langou, University of Colorado Denver
================================================================================

An explanation of the input/output parameters follows:
T/V    : Wall time / encoded variant.
N      : The order of the coefficient matrix A.
NB     : The partitioning blocking factor.
P      : The number of process rows.
Q      : The number of process columns.
Time   : Time in seconds to solve the linear system.
Gflops : Rate of execution for solving the linear system.

The following parameter values will be used:

N      :  100000 
NB     :     128      512     1024 
PMAP   : Row-major process mapping
P      :       8 
Q      :       4 
PFACT  :    Left 
NBMIN  :       8 
NDIV   :       2 
RFACT  :    Left    Crout 
BCAST  :  1ringM 
DEPTH  :       1 
SWAP   : Mix (threshold = 128)
L1     : transposed form
U      : transposed form
EQUIL  : yes
ALIGN  : 8 double precision words

--------------------------------------------------------------------------------

- The matrix A is randomly generated for each test.
- The following scaled residual check will be computed:
      ||Ax-b||_oo / ( eps * ( || x ||_oo * || A ||_oo + || b ||_oo ) * N )
- The relative machine precision (eps) is taken to be               1.110223e-16
- Computational tests pass if scaled residuals are less than                16.0

================================================================================
T/V                N    NB     P     Q               Time                 Gflops
--------------------------------------------------------------------------------
WR11L2L8      100000   128     8     4            3048.43              2.187e+02
HPL_pdgesv() start time Sun Nov 27 18:35:17 2016

HPL_pdgesv() end time   Sun Nov 27 19:26:05 2016

--VVV--VVV--VVV--VVV--VVV--VVV--VVV--VVV--VVV--VVV--VVV--VVV--VVV--VVV--VVV-
Max aggregated wall time rfact . . . :             131.35
+ Max aggregated wall time pfact . . :             130.30
+ Max aggregated wall time mxswp . . :             129.81
Max aggregated wall time update  . . :            2931.64
+ Max aggregated wall time laswp . . :            2017.92
Max aggregated wall time up tr sv  . :               2.91
--------------------------------------------------------------------------------
||Ax-b||_oo/(eps*(||A||_oo*||x||_oo+||b||_oo)*N)=        0.0029008 ...... PASSED
================================================================================
T/V                N    NB     P     Q               Time                 Gflops
--------------------------------------------------------------------------------
WR11C2L8      100000   128     8     4            2977.95              2.239e+02
HPL_pdgesv() start time Sun Nov 27 19:26:46 2016

HPL_pdgesv() end time   Sun Nov 27 20:16:24 2016

--VVV--VVV--VVV--VVV--VVV--VVV--VVV--VVV--VVV--VVV--VVV--VVV--VVV--VVV--VVV-
Max aggregated wall time rfact . . . :             132.69
+ Max aggregated wall time pfact . . :             131.65
+ Max aggregated wall time mxswp . . :             131.19
Max aggregated wall time update  . . :            2863.43
+ Max aggregated wall time laswp . . :            1980.57
Max aggregated wall time up tr sv  . :               3.25
--------------------------------------------------------------------------------
||Ax-b||_oo/(eps*(||A||_oo*||x||_oo+||b||_oo)*N)=        0.0024581 ...... PASSED
================================================================================
T/V                N    NB     P     Q               Time                 Gflops
--------------------------------------------------------------------------------
WR11L2L8      100000   512     8     4            3010.82              2.214e+02
HPL_pdgesv() start time Sun Nov 27 20:17:04 2016

HPL_pdgesv() end time   Sun Nov 27 21:07:15 2016

--VVV--VVV--VVV--VVV--VVV--VVV--VVV--VVV--VVV--VVV--VVV--VVV--VVV--VVV--VVV-
Max aggregated wall time rfact . . . :             177.86
+ Max aggregated wall time pfact . . :             174.67
+ Max aggregated wall time mxswp . . :             174.12
Max aggregated wall time update  . . :            2861.38
+ Max aggregated wall time laswp . . :            1926.34
Max aggregated wall time up tr sv  . :               2.64
--------------------------------------------------------------------------------
||Ax-b||_oo/(eps*(||A||_oo*||x||_oo+||b||_oo)*N)=        0.0025559 ...... PASSED
================================================================================
T/V                N    NB     P     Q               Time                 Gflops
--------------------------------------------------------------------------------
WR11C2L8      100000   512     8     4            2995.86              2.225e+02
HPL_pdgesv() start time Sun Nov 27 21:07:54 2016

HPL_pdgesv() end time   Sun Nov 27 21:57:50 2016

--VVV--VVV--VVV--VVV--VVV--VVV--VVV--VVV--VVV--VVV--VVV--VVV--VVV--VVV--VVV-
Max aggregated wall time rfact . . . :             164.88
+ Max aggregated wall time pfact . . :             161.78
+ Max aggregated wall time mxswp . . :             161.21
Max aggregated wall time update  . . :            2837.67
+ Max aggregated wall time laswp . . :            1962.42
Max aggregated wall time up tr sv  . :               2.69
--------------------------------------------------------------------------------
||Ax-b||_oo/(eps*(||A||_oo*||x||_oo+||b||_oo)*N)=        0.0024664 ...... PASSED
================================================================================
T/V                N    NB     P     Q               Time                 Gflops
--------------------------------------------------------------------------------
WR11L2L8      100000  1024     8     4            3125.09              2.133e+02
HPL_pdgesv() start time Sun Nov 27 21:58:30 2016

HPL_pdgesv() end time   Sun Nov 27 22:50:35 2016

--VVV--VVV--VVV--VVV--VVV--VVV--VVV--VVV--VVV--VVV--VVV--VVV--VVV--VVV--VVV-
Max aggregated wall time rfact . . . :             248.61
+ Max aggregated wall time pfact . . :             243.09
+ Max aggregated wall time mxswp . . :             242.59
Max aggregated wall time update  . . :            2907.32
+ Max aggregated wall time laswp . . :            1924.79
Max aggregated wall time up tr sv  . :               1.52
--------------------------------------------------------------------------------
||Ax-b||_oo/(eps*(||A||_oo*||x||_oo+||b||_oo)*N)=        0.0027062 ...... PASSED
================================================================================
T/V                N    NB     P     Q               Time                 Gflops
--------------------------------------------------------------------------------
WR11C2L8      100000  1024     8     4            2899.78              2.299e+02
HPL_pdgesv() start time Sun Nov 27 22:51:14 2016

HPL_pdgesv() end time   Sun Nov 27 23:39:34 2016

--VVV--VVV--VVV--VVV--VVV--VVV--VVV--VVV--VVV--VVV--VVV--VVV--VVV--VVV--VVV-
Max aggregated wall time rfact . . . :             197.22
+ Max aggregated wall time pfact . . :             191.52
+ Max aggregated wall time mxswp . . :             190.98
Max aggregated wall time update  . . :            2731.04
+ Max aggregated wall time laswp . . :            1862.56
Max aggregated wall time up tr sv  . :               1.29
--------------------------------------------------------------------------------
||Ax-b||_oo/(eps*(||A||_oo*||x||_oo+||b||_oo)*N)=        0.0028290 ...... PASSED
================================================================================

Finished      6 tests with the following results:
              6 tests completed and passed residual checks,
              0 tests completed and failed residual checks,
              0 tests skipped because of illegal input values.
--------------------------------------------------------------------------------

End of Tests.
================================================================================
